[0.015s] Invoking command in '/home/gio/ros2_ws/build/rrbot_description': CMAKE_PREFIX_PATH=${CMAKE_PREFIX_PATH}:/home/gio/ros2_ws/install/my_py_pkg:/home/gio/robotic_arm_ws/install/big_bazu:/home/gio/big_bazu/install/big_bazu:/opt/ros/humble /usr/bin/cmake --build /home/gio/ros2_ws/build/rrbot_description -- -j2 -l2
[0.054s] Invoked command in '/home/gio/ros2_ws/build/rrbot_description' returned '0': CMAKE_PREFIX_PATH=${CMAKE_PREFIX_PATH}:/home/gio/ros2_ws/install/my_py_pkg:/home/gio/robotic_arm_ws/install/big_bazu:/home/gio/big_bazu/install/big_bazu:/opt/ros/humble /usr/bin/cmake --build /home/gio/ros2_ws/build/rrbot_description -- -j2 -l2
[0.076s] Invoking command in '/home/gio/ros2_ws/build/rrbot_description': CMAKE_PREFIX_PATH=${CMAKE_PREFIX_PATH}:/home/gio/ros2_ws/install/my_py_pkg:/home/gio/robotic_arm_ws/install/big_bazu:/home/gio/big_bazu/install/big_bazu:/opt/ros/humble /usr/bin/cmake --install /home/gio/ros2_ws/build/rrbot_description
[0.081s] -- Install configuration: ""
[0.081s] -- Execute custom install script
[0.082s] -- Up-to-date symlink: /home/gio/ros2_ws/install/rrbot_description/share/rrbot_description/config/rrbot.rviz
[0.082s] -- Up-to-date symlink: /home/gio/ros2_ws/install/rrbot_description/share/rrbot_description/gazebo/rrbot.gazebo.xacro
[0.082s] -- Up-to-date symlink: /home/gio/ros2_ws/install/rrbot_description/share/rrbot_description/gazebo/rrbot.materials.xacro
[0.083s] -- Up-to-date symlink: /home/gio/ros2_ws/install/rrbot_description/share/rrbot_description/meshes/hokuyo.dae
[0.083s] -- Up-to-date symlink: /home/gio/ros2_ws/install/rrbot_description/share/rrbot_description/launch/view_robot.launch.py
[0.083s] -- Up-to-date symlink: /home/gio/ros2_ws/install/rrbot_description/share/rrbot_description/ros2_control/rrbot.ros2_control.xacro
[0.084s] -- Up-to-date symlink: /home/gio/ros2_ws/install/rrbot_description/share/rrbot_description/urdf/rrbot.urdf.xacro
[0.084s] -- Up-to-date symlink: /home/gio/ros2_ws/install/rrbot_description/share/rrbot_description/urdf/rrbot_description.urdf.xacro
[0.084s] -- Up-to-date symlink: /home/gio/ros2_ws/install/rrbot_description/share/rrbot_description/environment/rrbot_description.dsv
[0.084s] -- Up-to-date symlink: /home/gio/ros2_ws/install/rrbot_description/share/ament_index/resource_index/package_run_dependencies/rrbot_description
[0.085s] -- Up-to-date symlink: /home/gio/ros2_ws/install/rrbot_description/share/ament_index/resource_index/parent_prefix_path/rrbot_description
[0.085s] -- Up-to-date symlink: /home/gio/ros2_ws/install/rrbot_description/share/rrbot_description/environment/ament_prefix_path.sh
[0.085s] -- Up-to-date symlink: /home/gio/ros2_ws/install/rrbot_description/share/rrbot_description/environment/ament_prefix_path.dsv
[0.085s] -- Up-to-date symlink: /home/gio/ros2_ws/install/rrbot_description/share/rrbot_description/environment/path.sh
[0.085s] -- Up-to-date symlink: /home/gio/ros2_ws/install/rrbot_description/share/rrbot_description/environment/path.dsv
[0.086s] -- Up-to-date symlink: /home/gio/ros2_ws/install/rrbot_description/share/rrbot_description/local_setup.bash
[0.086s] -- Up-to-date symlink: /home/gio/ros2_ws/install/rrbot_description/share/rrbot_description/local_setup.sh
[0.086s] -- Up-to-date symlink: /home/gio/ros2_ws/install/rrbot_description/share/rrbot_description/local_setup.zsh
[0.086s] -- Up-to-date symlink: /home/gio/ros2_ws/install/rrbot_description/share/rrbot_description/local_setup.dsv
[0.087s] -- Symlinking: /home/gio/ros2_ws/install/rrbot_description/share/rrbot_description/package.dsv
[0.093s] -- Up-to-date symlink: /home/gio/ros2_ws/install/rrbot_description/share/ament_index/resource_index/packages/rrbot_description
[0.093s] -- Up-to-date symlink: /home/gio/ros2_ws/install/rrbot_description/share/rrbot_description/cmake/rrbot_descriptionConfig.cmake
[0.094s] -- Up-to-date symlink: /home/gio/ros2_ws/install/rrbot_description/share/rrbot_description/cmake/rrbot_descriptionConfig-version.cmake
[0.094s] -- Up-to-date symlink: /home/gio/ros2_ws/install/rrbot_description/share/rrbot_description/package.xml
[0.097s] Invoked command in '/home/gio/ros2_ws/build/rrbot_description' returned '0': CMAKE_PREFIX_PATH=${CMAKE_PREFIX_PATH}:/home/gio/ros2_ws/install/my_py_pkg:/home/gio/robotic_arm_ws/install/big_bazu:/home/gio/big_bazu/install/big_bazu:/opt/ros/humble /usr/bin/cmake --install /home/gio/ros2_ws/build/rrbot_description
